<?xml version="1.0" encoding="UTF-8"?>
<!-- Generated by org.testng.reporters.JUnitXMLReporter -->
<testsuite hostname="Mano" ignored="4" name="Default test" tests="1" failures="0" timestamp="08 Mar 2023 09:44:56 GMT" time="7.922" errors="0">
  <testcase name="testLogin" time="3.609" classname="org.test.TestAutomation"/>
  <testcase name="testLanguage" time="0.0" classname="org.test.TestAutomation">
    <ignored/>
  </testcase> <!-- testLanguage -->
  <testcase name="testChannelListEachLanguage" time="0.0" classname="org.test.TestAutomation">
    <ignored/>
  </testcase> <!-- testChannelListEachLanguage -->
  <testcase name="testSignUp" time="0.0" classname="org.test.TestAutomation">
    <ignored/>
  </testcase> <!-- testSignUp -->
  <testcase name="testHomeMenuOptions" time="0.0" classname="org.test.TestAutomation">
    <ignored/>
  </testcase> <!-- testHomeMenuOptions -->
</testsuite> <!-- Default test -->
