<?xml version="1.0" encoding="UTF-8"?>
<!-- Generated by org.testng.reporters.JUnitXMLReporter -->
<testsuite hostname="Mano" ignored="0" name="Test" tests="5" failures="0" timestamp="08 Mar 2023 09:45:56 GMT" time="45.689" errors="0">
  <testcase name="testSignUp" time="1.572" classname="org.test.TestAutomation"/>
  <testcase name="testLogin" time="3.593" classname="org.test.TestAutomation"/>
  <testcase name="testHomeMenuOptions" time="16.561" classname="org.test.TestAutomation"/>
  <testcase name="testLanguage" time="0.47" classname="org.test.TestAutomation"/>
  <testcase name="testChannelListEachLanguage" time="2.448" classname="org.test.TestAutomation"/>
</testsuite> <!-- Test -->
